#
# A fatal error has been detected by the Java Runtime Environment:
#
#  EXCEPTION_ACCESS_VIOLATION (0xc0000005) at pc=0x0000000065dda3c5, pid=4416, tid=6208
#
# JRE version: Java(TM) SE Runtime Environment (8.0_25-b18) (build 1.8.0_25-b18)
# Java VM: Java HotSpot(TM) 64-Bit Server VM (25.25-b02 mixed mode windows-amd64 compressed oops)
# Problematic frame:
# V  [jvm.dll+0x11a3c5]
#
# Failed to write core dump. Minidumps are not enabled by default on client versions of Windows
#
# If you would like to submit a bug report, please visit:
#   http://bugreport.sun.com/bugreport/crash.jsp
#

---------------  T H R E A D  ---------------

Current thread (0x0000000058d4a000):  JavaThread "JDWP Transport Listener: dt_socket" daemon [_thread_in_vm, id=6208, stack(0x00000000594f0000,0x00000000595f0000)]

siginfo: ExceptionCode=0xc0000005, reading address 0x00003b656c003b74

Registers:
RAX=0x00000000595ef901, RBX=0x0000000058d4a000, RCX=0x00003b656c003b74, RDX=0x0000000000000000
RSP=0x00000000595ef950, RBP=0x00003b656c003b74, RSI=0x00000000595efa68, RDI=0x00000000020f8fe0
R8 =0x0000000058d4a000, R9 =0x0000071500140035, R10=0x0000000000000000, R11=0x00000000595efbde
R12=0x0000000000000000, R13=0x0000000058d42468, R14=0x0000000000000000, R15=0x0000000000000000
RIP=0x0000000065dda3c5, EFLAGS=0x0000000000010206

Top of Stack: (sp=0x00000000595ef950)
0x00000000595ef950:   0000000058d4a000 0000000058d4a000
0x00000000595ef960:   00000000595efa18 0000000065fd78db
0x00000000595ef970:   0000000058d4a000 0000000065ff413d
0x00000000595ef980:   0000000000000000 000000006c5f9149
0x00000000595ef990:   00000000575386e8 000000006c602912
0x00000000595ef9a0:   0000000058d4a000 0000000000000000
0x00000000595ef9b0:   0000000000000000 0000000000000000
0x00000000595ef9c0:   00003b656c003b74 000000006c601a09
0x00000000595ef9d0:   00000000595efa68 00000000595efa40
0x00000000595ef9e0:   0000000000000001 00000000575386e8
0x00000000595ef9f0:   00003b656c003b74 000000006c5e53b3
0x00000000595efa00:   00000000595efb30 0000000000000001
0x00000000595efa10:   0000000000000001 00000000575386e8
0x00000000595efa20:   0000000000000009 0000000000000000
0x00000000595efa30:   0000000000000000 0000000000000000
0x00000000595efa40:   0000000000000001 000000006c5e5571 

Instructions: (pc=0x0000000065dda3c5)
0x0000000065dda3a5:   cc cc cc cc cc cc cc cc cc cc cc 48 83 ec 28 48
0x0000000065dda3b5:   85 c9 75 07 33 c0 48 83 c4 28 c3 48 89 5c 24 20
0x0000000065dda3c5:   48 8b 19 48 85 db 74 20 48 83 fb 37 74 1a 48 8b
0x0000000065dda3d5:   13 48 8b cb ff 52 10 84 c0 74 0d 48 8b c3 48 8b 


Register to memory mapping:

RAX=0x00000000595ef901 is pointing into the stack for thread: 0x0000000058d4a000
RBX=0x0000000058d4a000 is a thread
RCX=0x00003b656c003b74 is an unknown value
RDX=0x0000000000000000 is an unknown value
RSP=0x00000000595ef950 is pointing into the stack for thread: 0x0000000058d4a000
RBP=0x00003b656c003b74 is an unknown value
RSI=0x00000000595efa68 is pointing into the stack for thread: 0x0000000058d4a000
RDI=0x00000000020f8fe0 is an unknown value
R8 =0x0000000058d4a000 is a thread
R9 =0x0000071500140035 is an unknown value
R10=0x0000000000000000 is an unknown value
R11=0x00000000595efbde is pointing into the stack for thread: 0x0000000058d4a000
R12=0x0000000000000000 is an unknown value
R13=0x0000000058d42468 is an unknown value
R14=0x0000000000000000 is an unknown value
R15=0x0000000000000000 is an unknown value


Stack: [0x00000000594f0000,0x00000000595f0000],  sp=0x00000000595ef950,  free space=1022k
Native frames: (J=compiled Java code, j=interpreted, Vv=VM code, C=native code)
V  [jvm.dll+0x11a3c5]
V  [jvm.dll+0x33413d]
C  [jdwp.dll+0x21a09]
C  [jdwp.dll+0x53b3]
C  [jdwp.dll+0x5571]
C  [jdwp.dll+0xf09c]
C  [jdwp.dll+0x1f2c9]
C  [jdwp.dll+0x1f49e]
V  [jvm.dll+0x1abba8]
V  [jvm.dll+0x22bde4]
V  [jvm.dll+0x2852fa]
C  [msvcr100.dll+0x21d9f]
C  [msvcr100.dll+0x21e3b]
C  [kernel32.dll+0x1f56d]
C  [ntdll.dll+0x33281]


---------------  P R O C E S S  ---------------

Java Threads: ( => current thread )
  0x0000000058ddf800 JavaThread "Service Thread" daemon [_thread_blocked, id=6248, stack(0x0000000059ad0000,0x0000000059bd0000)]
  0x0000000058da6800 JavaThread "C1 CompilerThread2" daemon [_thread_blocked, id=6244, stack(0x0000000059320000,0x0000000059420000)]
  0x0000000058d92000 JavaThread "C2 CompilerThread1" daemon [_thread_blocked, id=6240, stack(0x0000000059990000,0x0000000059a90000)]
  0x0000000058d63800 JavaThread "C2 CompilerThread0" daemon [_thread_blocked, id=6236, stack(0x0000000059170000,0x0000000059270000)]
  0x0000000058d56000 JavaThread "JDWP Command Reader" daemon [_thread_in_native, id=6224, stack(0x0000000059780000,0x0000000059880000)]
  0x0000000058d55000 JavaThread "JDWP Event Helper Thread" daemon [_thread_blocked, id=6220, stack(0x00000000595f0000,0x00000000596f0000)]
=>0x0000000058d4a000 JavaThread "JDWP Transport Listener: dt_socket" daemon [_thread_in_vm, id=6208, stack(0x00000000594f0000,0x00000000595f0000)]
  0x0000000057590800 JavaThread "Attach Listener" daemon [_thread_blocked, id=6196, stack(0x0000000058c40000,0x0000000058d40000)]
  0x000000005759e800 JavaThread "Signal Dispatcher" daemon [_thread_blocked, id=6192, stack(0x0000000058b40000,0x0000000058c40000)]
  0x0000000057532000 JavaThread "Finalizer" daemon [_thread_blocked, id=6176, stack(0x00000000588e0000,0x00000000589e0000)]
  0x0000000057529000 JavaThread "Reference Handler" daemon [_thread_blocked, id=6172, stack(0x00000000587b0000,0x00000000588b0000)]
  0x00000000020ff000 JavaThread "main" [_thread_blocked, id=4316, stack(0x00000000022b0000,0x00000000023b0000)]

Other Threads:
  0x0000000057525000 VMThread [stack: 0x00000000585f0000,0x00000000586f0000] [id=6152]
  0x0000000058de2800 WatcherThread [stack: 0x0000000059ce0000,0x0000000059de0000] [id=6252]

VM state:not at safepoint (normal execution)

VM Mutex/Monitor currently owned by a thread: None

Heap:
 PSYoungGen      total 38400K, used 2662K [0x00000000d5800000, 0x00000000d8280000, 0x0000000100000000)
  eden space 33280K, 8% used [0x00000000d5800000,0x00000000d5a99a68,0x00000000d7880000)
  from space 5120K, 0% used [0x00000000d7d80000,0x00000000d7d80000,0x00000000d8280000)
  to   space 5120K, 0% used [0x00000000d7880000,0x00000000d7880000,0x00000000d7d80000)
 ParOldGen       total 87552K, used 0K [0x0000000080800000, 0x0000000085d80000, 0x00000000d5800000)
  object space 87552K, 0% used [0x0000000080800000,0x0000000080800000,0x0000000085d80000)
 Metaspace       used 2412K, capacity 4494K, committed 4864K, reserved 1056768K
  class space    used 265K, capacity 386K, committed 512K, reserved 1048576K

Card table byte_map: [0x0000000011a40000,0x0000000011e40000] byte_map_base: 0x000000001163c000

Marking Bits: (ParMarkBitMap*) 0x000000006649d490
 Begin Bits: [0x00000000127e0000, 0x00000000147c0000)
 End Bits:   [0x00000000147c0000, 0x00000000167a0000)

Polling page: 0x0000000001b70000

CodeCache: size=245760Kb used=1083Kb max_used=1083Kb free=244677Kb
 bounds [0x0000000002680000, 0x00000000028f0000, 0x0000000011680000]
 total_blobs=234 nmethods=18 adapters=140
 compilation: enabled

Compilation events (10 events):
Event: 0.158 Thread 0x0000000058da6800   15       3       java.io.WinNTFileSystem::isSlash (18 bytes)
Event: 0.158 Thread 0x0000000058da6800 nmethod 15 0x000000000278b6d0 code [0x000000000278b820, 0x000000000278ba10]
Event: 0.158 Thread 0x0000000058da6800   16  s    3       java.lang.StringBuffer::append (13 bytes)
Event: 0.158 Thread 0x0000000058da6800 nmethod 16 0x000000000278ba90 code [0x000000000278bc20, 0x000000000278c108]
Event: 0.158 Thread 0x0000000058da6800   10       3       java.util.Arrays::copyOfRange (63 bytes)
Event: 0.159 Thread 0x0000000058da6800 nmethod 10 0x000000000278c350 code [0x000000000278c560, 0x000000000278d078]
Event: 0.159 Thread 0x0000000058da6800   17       3       java.lang.Math::min (11 bytes)
Event: 0.159 Thread 0x0000000058da6800 nmethod 17 0x000000000278d5d0 code [0x000000000278d720, 0x000000000278d8b0]
Event: 0.160 Thread 0x0000000058da6800   18       3       java.lang.String::equals (81 bytes)
Event: 0.161 Thread 0x0000000058da6800 nmethod 18 0x000000000278e350 code [0x000000000278e4e0, 0x000000000278ea30]

GC Heap History (0 events):
No events

Deoptimization events (0 events):
No events

Internal exceptions (3 events):
Event: 0.030 Thread 0x00000000020ff000 Exception <a 'java/lang/NoSuchMethodError': Method sun.misc.Unsafe.defineClass(Ljava/lang/String;[BII)Ljava/lang/Class; name or signature does not match> (0x00000000d580c698) thrown at [D:\re\workspace\8-2-build-windows-amd64-cygwin\jdk8u25\1677\hotspot\sr¶{å9h»ž?
Event: 0.030 Thread 0x00000000020ff000 Exception <a 'java/lang/NoSuchMethodError': Method sun.misc.Unsafe.prefetchRead(Ljava/lang/Object;J)V name or signature does not match> (0x00000000d580c928) thrown at [D:\re\workspace\8-2-build-windows-amd64-cygwin\jdk8u25\1677\hotspot\src\share\vm\prims\jŠW5ÊIÄ?
Event: 0.159 Thread 0x00000000020ff000 Exception <a 'java/security/PrivilegedActionException'> (0x00000000d585f8b0) thrown at [D:\re\workspace\8-2-build-windows-amd64-cygwin\jdk8u25\1677\hotspot\src\share\vm\prims\jvm.cpp, line 1312]

Events (10 events):
Event: 4.249 Executing VM operation: EnableBiasedLocking
Event: 4.249 Executing VM operation: EnableBiasedLocking done
Event: 138.059 Executing VM operation: ChangeBreakpoints
Event: 138.060 Executing VM operation: ChangeBreakpoints done
Event: 307.547 Executing VM operation: RedefineClasses
Event: 307.547 Executing VM operation: RedefineClasses done
Event: 307.549 Executing VM operation: ChangeBreakpoints
Event: 307.549 Executing VM operation: ChangeBreakpoints done
Event: 527.356 Executing VM operation: RedefineClasses
Event: 527.356 Executing VM operation: RedefineClasses done


Dynamic libraries:
0x000000013fca0000 - 0x000000013fcd4000 	C:\Program Files\Java\jre1.8.0_25\bin\javaw.exe
0x00000000772b0000 - 0x000000007745b000 	C:\Windows\SYSTEM32\ntdll.dll
0x0000000077190000 - 0x00000000772af000 	C:\Windows\system32\kernel32.dll
0x000007fefc3f0000 - 0x000007fefc45b000 	C:\Windows\system32\KERNELBASE.dll
0x000007fefdc90000 - 0x000007fefdd6b000 	C:\Windows\system32\ADVAPI32.dll
0x000007fefc980000 - 0x000007fefca1f000 	C:\Windows\system32\msvcrt.dll
0x000007fefe020000 - 0x000007fefe03f000 	C:\Windows\SYSTEM32\sechost.dll
0x000007fefdb60000 - 0x000007fefdc8e000 	C:\Windows\system32\RPCRT4.dll
0x0000000077090000 - 0x000000007718a000 	C:\Windows\system32\USER32.dll
0x000007fefc700000 - 0x000007fefc767000 	C:\Windows\system32\GDI32.dll
0x000007fefe040000 - 0x000007fefe04e000 	C:\Windows\system32\LPK.dll
0x000007fefdf50000 - 0x000007fefe01a000 	C:\Windows\system32\USP10.dll
0x000007fefac10000 - 0x000007fefae04000 	C:\Windows\WinSxS\amd64_microsoft.windows.common-controls_6595b64144ccf1df_6.0.7600.16385_none_fa645303170382f6\COMCTL32.dll
0x000007fefd980000 - 0x000007fefd9f1000 	C:\Windows\system32\SHLWAPI.dll
0x000007fefe4d0000 - 0x000007fefe4fe000 	C:\Windows\system32\IMM32.DLL
0x000007fefd870000 - 0x000007fefd979000 	C:\Windows\system32\MSCTF.dll
0x000007fef2b20000 - 0x000007fef2bad000 	C:\Program Files (x86)\AVG\AVG2015\avghooka.dll
0x00000000680a0000 - 0x0000000068172000 	C:\Program Files\Java\jre1.8.0_25\bin\msvcr100.dll
0x0000000065cc0000 - 0x000000006651a000 	C:\Program Files\Java\jre1.8.0_25\bin\server\jvm.dll
0x000007fef74e0000 - 0x000007fef74e9000 	C:\Windows\system32\WSOCK32.dll
0x000007fefdf00000 - 0x000007fefdf4d000 	C:\Windows\system32\WS2_32.dll
0x000007fefdd70000 - 0x000007fefdd78000 	C:\Windows\system32\NSI.dll
0x000007fef9630000 - 0x000007fef966b000 	C:\Windows\system32\WINMM.dll
0x0000000077470000 - 0x0000000077477000 	C:\Windows\system32\PSAPI.DLL
0x0000000073090000 - 0x000000007309f000 	C:\Program Files\Java\jre1.8.0_25\bin\verify.dll
0x000000006d5b0000 - 0x000000006d5d8000 	C:\Program Files\Java\jre1.8.0_25\bin\java.dll
0x000000006c5e0000 - 0x000000006c615000 	C:\Program Files\Java\jre1.8.0_25\bin\jdwp.dll
0x000000006d560000 - 0x000000006d568000 	C:\Program Files\Java\jre1.8.0_25\bin\npt.dll
0x000000006f5e0000 - 0x000000006f5f6000 	C:\Program Files\Java\jre1.8.0_25\bin\zip.dll
0x000007fefcac0000 - 0x000007fefd846000 	C:\Windows\system32\SHELL32.dll
0x000007fefc770000 - 0x000007fefc971000 	C:\Windows\system32\ole32.dll
0x000007fefc150000 - 0x000007fefc15f000 	C:\Windows\system32\profapi.dll
0x0000000070f40000 - 0x0000000070f49000 	C:\Program Files\Java\jre1.8.0_25\bin\dt_socket.dll
0x000007fefa590000 - 0x000007fefa5a5000 	C:\Windows\system32\NLAapi.dll
0x000007fefb980000 - 0x000007fefb9d4000 	C:\Windows\System32\mswsock.dll
0x000007fefb800000 - 0x000007fefb85b000 	C:\Windows\system32\DNSAPI.dll
0x000007fefa250000 - 0x000007fefa25b000 	C:\Windows\System32\winrnr.dll
0x000007fefa140000 - 0x000007fefa155000 	C:\Windows\system32\napinsp.dll
0x000007fefa120000 - 0x000007fefa139000 	C:\Windows\system32\pnrpnsp.dll
0x0000000074d70000 - 0x0000000074d9e000 	c:\Program Files\Common Files\Microsoft Shared\Windows Live\WLIDNSP.DLL
0x000007fef8ec0000 - 0x000007fef8ee7000 	C:\Windows\system32\IPHLPAPI.DLL
0x000007fef8ea0000 - 0x000007fef8eab000 	C:\Windows\system32\WINNSI.DLL
0x000007fef8ca0000 - 0x000007fef8cf3000 	C:\Windows\System32\fwpuclnt.dll
0x000007fef8270000 - 0x000007fef8278000 	C:\Windows\system32\rasadhlp.dll
0x000007fefb370000 - 0x000007fefb377000 	C:\Windows\System32\wshtcpip.dll
0x000007feed700000 - 0x000007feed825000 	C:\Windows\system32\dbghelp.dll

VM Arguments:
jvm_args: -agentlib:jdwp=transport=dt_socket,suspend=y,address=localhost:51965 -Dfile.encoding=Cp1252 
java_command: it.project.libreria.business.MainClass
java_class_path (initial): C:\Users\Utente\Desktop\WorkSpace\Libreria\bin;C:\Users\Utente\Desktop\WorkSpace\Libreria\lib\mysql-connector-java-5.1.34-bin.jar
Launcher Type: SUN_STANDARD

Environment Variables:
CLASSPATH=.;C:\Program Files (x86)\Java\jre7\lib\ext\QTJava.zip
PATH=C:/Program Files/Java/jre1.8.0_25/bin/server;C:/Program Files/Java/jre1.8.0_25/bin;C:/Program Files/Java/jre1.8.0_25/lib/amd64;C:\Program Files (x86)\NVIDIA Corporation\PhysX\Common;C:\ProgramData\Oracle\Java\javapath;C:\Program Files\Common Files\Microsoft Shared\Windows Live;C:\Program Files (x86)\PC Connectivity Solution\;C:\Windows\system32;C:\Windows;C:\Windows\System32\Wbem;C:\Windows\System32\WindowsPowerShell\v1.0\;C:\Program Files (x86)\QuickTime\QTSystem\;C:\Windows\SysWOW64;C:\Program Files\Common Files\Microsoft Shared\Windows Live;C:\Users\Utente\Desktop\eclipse;
USERNAME=Utente
OS=Windows_NT
PROCESSOR_IDENTIFIER=Intel64 Family 6 Model 42 Stepping 7, GenuineIntel



---------------  S Y S T E M  ---------------

OS: Windows 7 , 64 bit Build 7600 

CPU:total 4 (4 cores per cpu, 1 threads per core) family 6 model 42 stepping 7, cmov, cx8, fxsr, mmx, sse, sse2, sse3, ssse3, sse4.1, sse4.2, popcnt, aes, clmul, tsc, tscinvbit

Memory: 4k page, physical 8352652k(4374032k free), swap 16703408k(11656480k free)

vm_info: Java HotSpot(TM) 64-Bit Server VM (25.25-b02) for windows-amd64 JRE (1.8.0_25-b18), built on Oct  7 2014 14:25:37 by "java_re" with MS VC++ 10.0 (VS2010)

time: Tue Apr 28 21:49:50 2015
elapsed time: 527 seconds (0d 0h 8m 47s)

